<?xml version="1.0" encoding="UTF-8"?>
<testsuite name="test.java.AlgoTest" tests="9" skipped="0" failures="0" errors="0" timestamp="2018-10-22T02:23:14" hostname="LAPTOP-FCFUPRT9" time="0.005">
  <properties/>
  <testcase name="BubbleSortAgainstHeapSort" classname="test.java.AlgoTest" time="0.002"/>
  <testcase name="BubbleSortAgainstSelectionSort" classname="test.java.AlgoTest" time="0.001"/>
  <testcase name="TestingselectionSortForNullPointerExceptionIfInputIsNull" classname="test.java.AlgoTest" time="0.0"/>
  <testcase name="TestingbubbleSortForNullPointerExceptionIfInputIsNull" classname="test.java.AlgoTest" time="0.001"/>
  <testcase name="NodeCoverage1" classname="test.java.AlgoTest" time="0.0"/>
  <testcase name="NodeCoverage2" classname="test.java.AlgoTest" time="0.0"/>
  <testcase name="NodeCoverage3" classname="test.java.AlgoTest" time="0.0"/>
  <testcase name="NodeCoverage4" classname="test.java.AlgoTest" time="0.0"/>
  <testcase name="NodeCoverage5" classname="test.java.AlgoTest" time="0.0"/>
  <system-out><![CDATA[]]></system-out>
  <system-err><![CDATA[]]></system-err>
</testsuite>
